NAMESPACE            NAME                                                          READY   STATUS      RESTARTS   AGE
ingress-nginx        pod/ingress-nginx-admission-create-8gxpz                      0/1     Completed   0          12m
ingress-nginx        pod/ingress-nginx-admission-patch-lrm7k                       0/1     Completed   0          12m
ingress-nginx        pod/ingress-nginx-controller-6b94c75599-lp7r8                 1/1     Running     0          12m
kube-system          pod/coredns-5d78c9869d-fwsdr                                  1/1     Running     0          18m
kube-system          pod/coredns-5d78c9869d-hj5tc                                  1/1     Running     0          18m
kube-system          pod/etcd-kind-control-plane                                   1/1     Running     0          18m
kube-system          pod/kindnet-2g8tz                                             1/1     Running     0          17m
kube-system          pod/kindnet-7xghj                                             1/1     Running     0          17m
kube-system          pod/kindnet-cxqh4                                             1/1     Running     0          17m
kube-system          pod/kube-apiserver-kind-control-plane                         1/1     Running     0          18m
kube-system          pod/kube-controller-manager-kind-control-plane                1/1     Running     0          18m
kube-system          pod/kube-proxy-4nxfs                                          1/1     Running     0          17m
kube-system          pod/kube-proxy-fw8pt                                          1/1     Running     0          17m
kube-system          pod/kube-proxy-xmtk6                                          1/1     Running     0          17m
kube-system          pod/kube-scheduler-kind-control-plane                         1/1     Running     0          18m
mysql                pod/mysql-0                                                   1/1     Running     0          9m
mysql                pod/mysql-1                                                   1/1     Running     0          8m
todoapp              pod/todoapp-7f6d9bc4d-xkp2m                                   1/1     Running     0          6m
todoapp              pod/todoapp-7f6d9bc4d-rnb8s                                   1/1     Running     0          6m

NAMESPACE            NAME                                                          TYPE           CLUSTER-IP      EXTERNAL-IP   PORT(S)                      AGE
default              service/kubernetes                                            ClusterIP      10.96.0.1       <none>        443/TCP                      18m
ingress-nginx        service/ingress-nginx-controller                              LoadBalancer   10.96.122.43    <pending>     80:31234/TCP,443:30012/TCP    12m
ingress-nginx        service/ingress-nginx-controller-admission                    ClusterIP      10.96.158.81    <none>        443/TCP                      12m
mysql                service/mysql                                                 ClusterIP      None            <none>        3306/TCP                     9m
todoapp              service/todoapp-service                                       ClusterIP      10.96.100.12    <none>        80/TCP                       6m
todoapp              service/todoapp-nodeport                                      NodePort       10.96.100.13    <none>        80:30007/TCP                 6m

NAMESPACE            NAME                                                          READY   UP-TO-DATE   AVAILABLE   AGE
todoapp              deployment.apps/todoapp                                       2/2     2            2           6m

NAMESPACE            NAME                                                          DESIRED   CURRENT   READY   AGE
mysql                statefulset.apps/mysql                                        2         2         2       9m

NAMESPACE            NAME                                                                       REFERENCE             TARGETS         MINPODS   MAXPODS   REPLICAS   AGE
todoapp              horizontalpodautoscaler.autoscaling/todoapp                                Deployment/todoapp    70%/70%         2         5         2          6m

NAMESPACE            NAME                                                          DATA   AGE
kube-system          configmap/coredns                                             1      18m
kube-system          configmap/extension-apiserver-authentication                  6      18m
kube-system          configmap/kubeadm-config                                      1      18m
kube-system          configmap/kubelet-config                                      1      18m
mysql                configmap/mysql                                               1      9m
todoapp              configmap/todoapp-config                                      1      6m

NAMESPACE            NAME                                                          TYPE     DATA   AGE
mysql                secret/mysql-secrets                                          Opaque   3      9m
todoapp              secret/todoapp-secret                                         Opaque   5      6m

NAMESPACE            NAME                                                          CLASS   HOSTS   ADDRESS     PORTS   AGE
todoapp              ingress.networking.k8s.io/todoapp-ingress                     nginx   *       localhost   80      6m
